2025-07-24 11:21:17 INFO  [CalendarApplication] - Starting CalendarApplication using Java 21.0.7 with PID 3404 (C:\psh\spring-boot\ptj_intellij\calendar\calendar\build\classes\java\main started by Class02 in C:\psh\spring-boot\ptj_intellij\calendar\calendar)
2025-07-24 11:21:17 INFO  [CalendarApplication] - No active profile set, falling back to 1 default profile: "default"
2025-07-24 11:21:19 INFO  [CalendarApplication] - Started CalendarApplication in 2.295 seconds (process running for 2.946)
2025-07-24 11:22:04 INFO  [HomeController] - INFO: home()
2025-07-24 11:22:04 INFO  [HomeController] - INFO: home()
2025-07-24 11:22:04 INFO  [HomeController] - INFO: home()
2025-07-24 13:39:25 INFO  [CalendarApplication] - Starting CalendarApplication using Java 21.0.7 with PID 2300 (C:\psh\spring-boot\ptj_intellij\calendar\calendar\build\classes\java\main started by Class02 in C:\psh\spring-boot\ptj_intellij\calendar\calendar)
2025-07-24 13:39:25 INFO  [CalendarApplication] - No active profile set, falling back to 1 default profile: "default"
2025-07-24 13:39:27 INFO  [CalendarApplication] - Started CalendarApplication in 2.505 seconds (process running for 3.214)
2025-07-24 13:39:36 INFO  [HomeController] - INFO: home()
2025-07-24 13:42:16 INFO  [CalendarApplication] - Starting CalendarApplication using Java 21.0.7 with PID 7280 (C:\psh\spring-boot\ptj_intellij\calendar\calendar\build\classes\java\main started by Class02 in C:\psh\spring-boot\ptj_intellij\calendar\calendar)
2025-07-24 13:42:16 INFO  [CalendarApplication] - No active profile set, falling back to 1 default profile: "default"
2025-07-24 13:42:18 INFO  [CalendarApplication] - Started CalendarApplication in 2.489 seconds (process running for 3.119)
2025-07-24 13:43:29 INFO  [CalendarApplication] - Starting CalendarApplication using Java 21.0.7 with PID 1068 (C:\psh\spring-boot\ptj_intellij\calendar\calendar\build\classes\java\main started by Class02 in C:\psh\spring-boot\ptj_intellij\calendar\calendar)
2025-07-24 13:43:29 INFO  [CalendarApplication] - No active profile set, falling back to 1 default profile: "default"
2025-07-24 13:43:31 INFO  [CalendarApplication] - Started CalendarApplication in 2.712 seconds (process running for 3.383)
2025-07-24 13:43:33 INFO  [HomeController] - INFO: home()
2025-07-24 13:47:17 INFO  [CalendarApplication] - Starting CalendarApplication using Java 21.0.7 with PID 12348 (C:\psh\spring-boot\ptj_intellij\calendar\calendar\build\classes\java\main started by Class02 in C:\psh\spring-boot\ptj_intellij\calendar\calendar)
2025-07-24 13:47:17 INFO  [CalendarApplication] - No active profile set, falling back to 1 default profile: "default"
2025-07-24 13:47:19 INFO  [CalendarApplication] - Started CalendarApplication in 2.425 seconds (process running for 3.091)
2025-07-24 13:53:56 INFO  [CalendarApplication] - Starting CalendarApplication using Java 21.0.7 with PID 13516 (C:\psh\spring-boot\ptj_intellij\calendar\calendar\build\classes\java\main started by Class02 in C:\psh\spring-boot\ptj_intellij\calendar\calendar)
2025-07-24 13:53:56 INFO  [CalendarApplication] - No active profile set, falling back to 1 default profile: "default"
2025-07-24 13:53:58 INFO  [CalendarApplication] - Started CalendarApplication in 2.553 seconds (process running for 3.272)
2025-07-24 13:54:03 INFO  [HomeController] - INFO: home()
2025-07-24 14:18:48 INFO  [CalendarApplication] - Starting CalendarApplication using Java 21.0.7 with PID 8780 (C:\psh\spring-boot\ptj_intellij\calendar\calendar\build\classes\java\main started by Class02 in C:\psh\spring-boot\ptj_intellij\calendar\calendar)
2025-07-24 14:18:48 INFO  [CalendarApplication] - No active profile set, falling back to 1 default profile: "default"
2025-07-24 14:18:50 INFO  [CalendarApplication] - Started CalendarApplication in 2.406 seconds (process running for 3.073)
2025-07-24 14:18:51 INFO  [HomeController] - INFO: home()
2025-07-24 14:20:11 INFO  [CalendarApplication] - Starting CalendarApplication using Java 21.0.7 with PID 7528 (C:\psh\spring-boot\ptj_intellij\calendar\calendar\build\classes\java\main started by Class02 in C:\psh\spring-boot\ptj_intellij\calendar\calendar)
2025-07-24 14:20:11 INFO  [CalendarApplication] - No active profile set, falling back to 1 default profile: "default"
2025-07-24 14:20:13 INFO  [CalendarApplication] - Started CalendarApplication in 2.971 seconds (process running for 3.976)
2025-07-24 14:20:18 INFO  [HomeController] - INFO: home()
2025-07-24 16:09:33 INFO  [CalendarApplication] - Starting CalendarApplication using Java 21.0.7 with PID 9364 (C:\psh\spring-boot\ptj_intellij\calendar\calendar\build\classes\java\main started by Class02 in C:\psh\spring-boot\ptj_intellij\calendar\calendar)
2025-07-24 16:09:33 INFO  [CalendarApplication] - No active profile set, falling back to 1 default profile: "default"
2025-07-24 17:13:14 INFO  [CalendarApplication] - Starting CalendarApplication using Java 21.0.7 with PID 12292 (C:\psh\spring-boot\ptj_intellij\calendar\calendar\build\classes\java\main started by Class02 in C:\psh\spring-boot\ptj_intellij\calendar\calendar)
2025-07-24 17:13:14 INFO  [CalendarApplication] - No active profile set, falling back to 1 default profile: "default"
2025-07-25 10:47:56 INFO  [CalendarApplication] - Starting CalendarApplication using Java 21.0.7 with PID 2620 (C:\psh\spring-boot\ptj_intellij\calendar\calendar\build\classes\java\main started by Class02 in C:\psh\spring-boot\ptj_intellij\calendar\calendar)
2025-07-25 10:47:56 INFO  [CalendarApplication] - No active profile set, falling back to 1 default profile: "default"
2025-07-25 10:48:06 INFO  [CalendarApplication] - Starting CalendarApplication using Java 21.0.7 with PID 8812 (C:\psh\spring-boot\ptj_intellij\calendar\calendar\build\classes\java\main started by Class02 in C:\psh\spring-boot\ptj_intellij\calendar\calendar)
2025-07-25 10:48:06 INFO  [CalendarApplication] - No active profile set, falling back to 1 default profile: "default"
2025-07-25 10:51:18 INFO  [CalendarApplication] - Starting CalendarApplication using Java 21.0.7 with PID 3724 (C:\psh\spring-boot\ptj_intellij\calendar\calendar\build\classes\java\main started by Class02 in C:\psh\spring-boot\ptj_intellij\calendar\calendar)
2025-07-25 10:51:18 INFO  [CalendarApplication] - No active profile set, falling back to 1 default profile: "default"
2025-07-25 10:52:58 INFO  [CalendarApplication] - Starting CalendarApplication using Java 21.0.7 with PID 5632 (C:\psh\spring-boot\ptj_intellij\calendar\calendar\build\classes\java\main started by Class02 in C:\psh\spring-boot\ptj_intellij\calendar\calendar)
2025-07-25 10:52:58 INFO  [CalendarApplication] - No active profile set, falling back to 1 default profile: "default"
2025-07-25 10:53:03 INFO  [CalendarApplication] - Started CalendarApplication in 5.229 seconds (process running for 5.917)
2025-07-28 11:52:38 INFO  [CalendarApplication] - Starting CalendarApplication using Java 21.0.7 with PID 5868 (C:\psh\spring-boot\ptj_intellij\calendar\calendar\build\classes\java\main started by Class02 in C:\psh\spring-boot\ptj_intellij\calendar\calendar)
2025-07-28 11:52:38 INFO  [CalendarApplication] - No active profile set, falling back to 1 default profile: "default"
2025-07-28 11:52:56 INFO  [CalendarApplication] - Starting CalendarApplication using Java 21.0.7 with PID 11692 (C:\psh\spring-boot\ptj_intellij\calendar\calendar\build\classes\java\main started by Class02 in C:\psh\spring-boot\ptj_intellij\calendar\calendar)
2025-07-28 11:52:56 INFO  [CalendarApplication] - No active profile set, falling back to 1 default profile: "default"
2025-07-28 11:53:02 INFO  [CalendarApplication] - Started CalendarApplication in 6.063 seconds (process running for 6.754)
2025-07-28 11:55:08 INFO  [HomeController] - INFO: home()
2025-07-28 11:55:21 INFO  [MemberService] - isMember
2025-07-28 11:55:51 INFO  [MemberService] - isMember
2025-07-28 12:05:17 INFO  [CalendarApplication] - Starting CalendarApplication using Java 21.0.7 with PID 8324 (C:\psh\spring-boot\ptj_intellij\calendar\calendar\build\classes\java\main started by Class02 in C:\psh\spring-boot\ptj_intellij\calendar\calendar)
2025-07-28 12:05:17 INFO  [CalendarApplication] - No active profile set, falling back to 1 default profile: "default"
2025-07-28 12:05:22 INFO  [CalendarApplication] - Started CalendarApplication in 5.54 seconds (process running for 6.237)
2025-07-28 12:05:48 INFO  [HomeController] - INFO: home()
2025-07-28 12:05:55 INFO  [MemberService] - isMember
2025-07-28 12:06:06 INFO  [MemberDetailsService] - loadUserByUsername()
2025-07-28 12:06:06 INFO  [SecurityConfig] - signin failureHandler()
2025-07-28 12:14:55 INFO  [CalendarApplication] - Starting CalendarApplication using Java 21.0.7 with PID 12280 (C:\psh\spring-boot\ptj_intellij\calendar\calendar\build\classes\java\main started by Class02 in C:\psh\spring-boot\ptj_intellij\calendar\calendar)
2025-07-28 12:14:55 INFO  [CalendarApplication] - No active profile set, falling back to 1 default profile: "default"
2025-07-28 12:14:59 INFO  [CalendarApplication] - Started CalendarApplication in 5.03 seconds (process running for 5.719)
2025-07-28 12:15:08 INFO  [MemberService] - isMember
2025-07-28 12:15:15 INFO  [MemberDetailsService] - loadUserByUsername()
2025-07-28 12:15:15 INFO  [SecurityConfig] - signin failureHandler()
2025-07-28 12:15:15 INFO  [MemberController] - signinResult()
2025-07-28 12:57:41 INFO  [CalendarApplication] - Starting CalendarApplication using Java 21.0.7 with PID 3912 (C:\psh\spring-boot\ptj_intellij\calendar\calendar\build\classes\java\main started by Class02 in C:\psh\spring-boot\ptj_intellij\calendar\calendar)
2025-07-28 12:57:41 INFO  [CalendarApplication] - No active profile set, falling back to 1 default profile: "default"
2025-07-28 12:57:45 INFO  [CalendarApplication] - Started CalendarApplication in 4.696 seconds (process running for 5.456)
2025-07-28 12:57:59 INFO  [MemberService] - isMember
2025-07-28 13:00:38 INFO  [CalendarApplication] - Starting CalendarApplication using Java 21.0.7 with PID 6784 (C:\psh\spring-boot\ptj_intellij\calendar\calendar\build\classes\java\main started by Class02 in C:\psh\spring-boot\ptj_intellij\calendar\calendar)
2025-07-28 13:00:38 INFO  [CalendarApplication] - No active profile set, falling back to 1 default profile: "default"
2025-07-28 13:00:43 INFO  [CalendarApplication] - Started CalendarApplication in 4.983 seconds (process running for 5.675)
2025-07-28 13:00:50 INFO  [MemberService] - isMember
2025-07-28 13:01:18 INFO  [CalendarApplication] - Starting CalendarApplication using Java 21.0.7 with PID 4804 (C:\psh\spring-boot\ptj_intellij\calendar\calendar\build\classes\java\main started by Class02 in C:\psh\spring-boot\ptj_intellij\calendar\calendar)
2025-07-28 13:01:18 INFO  [CalendarApplication] - No active profile set, falling back to 1 default profile: "default"
2025-07-28 13:01:23 INFO  [CalendarApplication] - Started CalendarApplication in 5.466 seconds (process running for 6.186)
2025-07-28 13:01:23 INFO  [HomeController] - INFO: home()
2025-07-28 13:01:31 INFO  [MemberService] - isMember
2025-07-28 13:03:23 INFO  [CalendarApplication] - Starting CalendarApplication using Java 21.0.7 with PID 4976 (C:\psh\spring-boot\ptj_intellij\calendar\calendar\build\classes\java\main started by Class02 in C:\psh\spring-boot\ptj_intellij\calendar\calendar)
2025-07-28 13:03:23 INFO  [CalendarApplication] - No active profile set, falling back to 1 default profile: "default"
2025-07-28 13:03:28 INFO  [CalendarApplication] - Started CalendarApplication in 5.41 seconds (process running for 6.09)
2025-07-28 13:03:37 INFO  [MemberService] - isMember
2025-07-28 13:05:30 INFO  [CalendarApplication] - Starting CalendarApplication using Java 21.0.7 with PID 10288 (C:\psh\spring-boot\ptj_intellij\calendar\calendar\build\classes\java\main started by Class02 in C:\psh\spring-boot\ptj_intellij\calendar\calendar)
2025-07-28 13:05:30 INFO  [CalendarApplication] - No active profile set, falling back to 1 default profile: "default"
2025-07-28 13:05:35 INFO  [CalendarApplication] - Started CalendarApplication in 5.535 seconds (process running for 6.234)
2025-07-28 13:05:59 INFO  [MemberService] - isMember
2025-07-28 13:08:19 INFO  [CalendarApplication] - Starting CalendarApplication using Java 21.0.7 with PID 13008 (C:\psh\spring-boot\ptj_intellij\calendar\calendar\build\classes\java\main started by Class02 in C:\psh\spring-boot\ptj_intellij\calendar\calendar)
2025-07-28 13:08:19 INFO  [CalendarApplication] - No active profile set, falling back to 1 default profile: "default"
2025-07-28 13:08:24 INFO  [CalendarApplication] - Started CalendarApplication in 4.869 seconds (process running for 5.584)
2025-07-28 13:08:41 INFO  [MemberService] - isMember
2025-07-28 13:13:33 INFO  [CalendarApplication] - Starting CalendarApplication using Java 21.0.7 with PID 1720 (C:\psh\spring-boot\ptj_intellij\calendar\calendar\build\classes\java\main started by Class02 in C:\psh\spring-boot\ptj_intellij\calendar\calendar)
2025-07-28 13:13:33 INFO  [CalendarApplication] - No active profile set, falling back to 1 default profile: "default"
2025-07-28 13:13:37 INFO  [CalendarApplication] - Started CalendarApplication in 4.553 seconds (process running for 5.213)
2025-07-28 13:13:40 INFO  [HomeController] - INFO: home()
2025-07-28 13:13:47 INFO  [MemberService] - isMember
2025-07-28 13:14:09 INFO  [MemberDetailsService] - loadUserByUsername()
2025-07-28 13:14:09 INFO  [SecurityConfig] - signin successHandler()
2025-07-28 13:14:09 INFO  [MemberController] - signinResult()
2025-07-31 10:14:53 INFO  [CalendarApplication] - Starting CalendarApplication using Java 21.0.7 with PID 11704 (C:\psh\spring-boot\ptj_intellij\calendar\calendar\build\classes\java\main started by Class02 in C:\psh\spring-boot\ptj_intellij\calendar\calendar)
2025-07-31 10:14:53 INFO  [CalendarApplication] - No active profile set, falling back to 1 default profile: "default"
2025-07-31 10:14:58 INFO  [CalendarApplication] - Started CalendarApplication in 4.902 seconds (process running for 5.624)
2025-07-31 10:14:59 INFO  [HomeController] - INFO: home()
2025-07-31 10:15:06 INFO  [MemberDetailsService] - loadUserByUsername()
2025-07-31 10:15:06 INFO  [SecurityConfig] - signin successHandler()
2025-07-31 10:15:06 INFO  [MemberController] - signinResult()
2025-07-31 10:15:11 INFO  [MemberController] - signinResult()
2025-07-31 10:19:28 INFO  [CalendarApplication] - Starting CalendarApplication using Java 21.0.7 with PID 10936 (C:\psh\spring-boot\ptj_intellij\calendar\calendar\build\classes\java\main started by Class02 in C:\psh\spring-boot\ptj_intellij\calendar\calendar)
2025-07-31 10:19:28 INFO  [CalendarApplication] - No active profile set, falling back to 1 default profile: "default"
2025-07-31 10:19:32 INFO  [CalendarApplication] - Started CalendarApplication in 4.849 seconds (process running for 5.577)
2025-07-31 10:19:51 INFO  [MemberDetailsService] - loadUserByUsername()
2025-07-31 10:19:51 INFO  [SecurityConfig] - signin successHandler()
2025-07-31 10:19:51 INFO  [MemberController] - signinResult()
2025-07-31 10:19:53 INFO  [PlannerController] - home()
2025-07-31 10:19:54 INFO  [PlannerController] - home()
2025-07-31 10:19:55 INFO  [PlannerController] - home()
2025-07-31 10:19:55 INFO  [PlannerController] - home()
2025-07-31 10:19:56 INFO  [PlannerController] - home()
2025-07-31 10:19:57 INFO  [HomeController] - INFO: home()
2025-07-31 10:19:58 INFO  [PlannerController] - home()
2025-07-31 10:19:59 INFO  [HomeController] - INFO: home()
2025-07-31 10:20:00 INFO  [PlannerController] - home()
2025-07-31 10:36:19 INFO  [PlannerController] - home()
2025-07-31 10:36:20 INFO  [PlannerController] - home()
2025-07-31 10:36:23 INFO  [HomeController] - INFO: home()
2025-07-31 10:36:24 INFO  [PlannerController] - home()
2025-07-31 10:39:30 INFO  [CalendarApplication] - Starting CalendarApplication using Java 21.0.7 with PID 11364 (C:\psh\spring-boot\ptj_intellij\calendar\calendar\build\classes\java\main started by Class02 in C:\psh\spring-boot\ptj_intellij\calendar\calendar)
2025-07-31 10:39:30 INFO  [CalendarApplication] - No active profile set, falling back to 1 default profile: "default"
2025-07-31 10:39:34 INFO  [CalendarApplication] - Started CalendarApplication in 4.595 seconds (process running for 5.324)
2025-07-31 11:22:18 INFO  [CalendarApplication] - Starting CalendarApplication using Java 21.0.7 with PID 872 (C:\psh\spring-boot\ptj_intellij\calendar\calendar\build\classes\java\main started by Class02 in C:\psh\spring-boot\ptj_intellij\calendar\calendar)
2025-07-31 11:22:18 INFO  [CalendarApplication] - No active profile set, falling back to 1 default profile: "default"
2025-07-31 11:22:22 INFO  [CalendarApplication] - Started CalendarApplication in 4.823 seconds (process running for 5.523)
2025-07-31 11:22:31 INFO  [MemberDetailsService] - loadUserByUsername()
2025-07-31 11:22:31 INFO  [SecurityConfig] - signin successHandler()
2025-07-31 11:22:31 INFO  [MemberController] - signinResult()
2025-07-31 11:41:07 INFO  [CalendarApplication] - Starting CalendarApplication using Java 21.0.7 with PID 13520 (C:\psh\spring-boot\ptj_intellij\calendar\calendar\build\classes\java\main started by Class02 in C:\psh\spring-boot\ptj_intellij\calendar\calendar)
2025-07-31 11:41:07 INFO  [CalendarApplication] - No active profile set, falling back to 1 default profile: "default"
2025-07-31 11:41:12 INFO  [CalendarApplication] - Started CalendarApplication in 4.882 seconds (process running for 5.577)
2025-07-31 11:41:18 INFO  [MemberController] - signinResult()
2025-07-31 11:41:24 INFO  [MemberDetailsService] - loadUserByUsername()
2025-07-31 11:41:24 INFO  [SecurityConfig] - signin successHandler()
2025-07-31 11:41:24 INFO  [MemberController] - signinResult()
2025-07-31 11:41:47 INFO  [HomeController] - INFO: home()
2025-07-31 11:41:50 INFO  [SecurityConfig] - signout logoutSuccessHandler()
2025-07-31 11:41:50 INFO  [HomeController] - INFO: home()
2025-07-31 11:41:55 INFO  [MemberDetailsService] - loadUserByUsername()
2025-07-31 11:41:55 INFO  [SecurityConfig] - signin successHandler()
2025-07-31 11:41:55 INFO  [MemberController] - signinResult()
2025-07-31 11:41:56 INFO  [PlannerController] - home()
2025-07-31 11:41:57 INFO  [PlannerController] - home()
2025-07-31 11:41:58 INFO  [PlannerController] - home()
2025-07-31 11:41:58 INFO  [PlannerController] - home()
2025-07-31 11:42:00 INFO  [PlannerController] - home()
2025-07-31 11:42:05 INFO  [PlannerController] - home()
2025-07-31 12:04:41 INFO  [PlannerController] - home()
2025-07-31 12:04:42 INFO  [PlannerController] - home()
2025-07-31 12:06:23 INFO  [PlannerController] - home()
2025-07-31 12:06:24 INFO  [PlannerController] - home()
2025-07-31 12:10:21 INFO  [CalendarApplication] - Starting CalendarApplication using Java 21.0.7 with PID 14004 (C:\psh\spring-boot\ptj_intellij\calendar\calendar\build\classes\java\main started by Class02 in C:\psh\spring-boot\ptj_intellij\calendar\calendar)
2025-07-31 12:10:21 INFO  [CalendarApplication] - No active profile set, falling back to 1 default profile: "default"
2025-07-31 12:10:26 INFO  [CalendarApplication] - Started CalendarApplication in 4.885 seconds (process running for 5.555)
2025-07-31 12:10:35 INFO  [MemberDetailsService] - loadUserByUsername()
2025-07-31 12:10:36 INFO  [SecurityConfig] - signin successHandler()
2025-07-31 12:10:36 INFO  [MemberController] - signinResult()
2025-07-31 12:10:38 INFO  [PlannerController] - home()
2025-07-31 13:25:11 INFO  [CalendarApplication] - Starting CalendarApplication using Java 21.0.7 with PID 8924 (C:\psh\spring-boot\ptj_intellij\calendar\calendar\build\classes\java\main started by Class02 in C:\psh\spring-boot\ptj_intellij\calendar\calendar)
2025-07-31 13:25:11 INFO  [CalendarApplication] - No active profile set, falling back to 1 default profile: "default"
2025-07-31 13:25:15 INFO  [CalendarApplication] - Started CalendarApplication in 4.706 seconds (process running for 5.39)
2025-07-31 13:32:30 INFO  [CalendarApplication] - Starting CalendarApplication using Java 21.0.7 with PID 10748 (C:\psh\spring-boot\ptj_intellij\calendar\calendar\build\classes\java\main started by Class02 in C:\psh\spring-boot\ptj_intellij\calendar\calendar)
2025-07-31 13:32:30 INFO  [CalendarApplication] - No active profile set, falling back to 1 default profile: "default"
2025-07-31 13:32:34 INFO  [CalendarApplication] - Started CalendarApplication in 4.772 seconds (process running for 5.485)
2025-07-31 13:32:43 INFO  [MemberDetailsService] - loadUserByUsername()
2025-07-31 13:32:43 INFO  [SecurityConfig] - signin successHandler()
2025-07-31 13:32:43 INFO  [MemberController] - signinResult()
2025-07-31 13:32:45 INFO  [PlannerController] - home()
2025-07-31 13:33:57 INFO  [PlannerController] - home()
2025-07-31 13:33:58 INFO  [PlannerController] - home()
2025-07-31 13:33:59 INFO  [PlannerController] - home()
2025-07-31 13:34:07 INFO  [CalendarApplication] - Starting CalendarApplication using Java 21.0.7 with PID 5348 (C:\psh\spring-boot\ptj_intellij\calendar\calendar\build\classes\java\main started by Class02 in C:\psh\spring-boot\ptj_intellij\calendar\calendar)
2025-07-31 13:34:07 INFO  [CalendarApplication] - No active profile set, falling back to 1 default profile: "default"
2025-07-31 13:34:11 INFO  [CalendarApplication] - Started CalendarApplication in 4.721 seconds (process running for 5.42)
2025-07-31 13:34:20 INFO  [MemberDetailsService] - loadUserByUsername()
2025-07-31 13:34:20 INFO  [SecurityConfig] - signin successHandler()
2025-07-31 13:34:20 INFO  [MemberController] - signinResult()
2025-07-31 13:34:22 INFO  [PlannerController] - home()
2025-07-31 13:48:10 INFO  [CalendarApplication] - Starting CalendarApplication using Java 21.0.7 with PID 12796 (C:\psh\spring-boot\ptj_intellij\calendar\calendar\build\classes\java\main started by Class02 in C:\psh\spring-boot\ptj_intellij\calendar\calendar)
2025-07-31 13:48:10 INFO  [CalendarApplication] - No active profile set, falling back to 1 default profile: "default"
2025-07-31 13:48:14 INFO  [CalendarApplication] - Started CalendarApplication in 4.811 seconds (process running for 5.481)
2025-07-31 13:48:22 INFO  [MemberDetailsService] - loadUserByUsername()
2025-07-31 13:48:22 INFO  [SecurityConfig] - signin successHandler()
2025-07-31 13:48:22 INFO  [MemberController] - signinResult()
2025-07-31 13:48:24 INFO  [PlannerController] - home()
2025-07-31 13:48:28 INFO  [PlannerController] - home()
2025-07-31 13:48:29 INFO  [PlannerController] - home()
2025-07-31 13:48:30 INFO  [PlannerController] - home()
2025-07-31 13:48:30 INFO  [PlannerController] - home()
2025-07-31 13:49:50 INFO  [CalendarApplication] - Starting CalendarApplication using Java 21.0.7 with PID 9536 (C:\psh\spring-boot\ptj_intellij\calendar\calendar\build\classes\java\main started by Class02 in C:\psh\spring-boot\ptj_intellij\calendar\calendar)
2025-07-31 13:49:50 INFO  [CalendarApplication] - No active profile set, falling back to 1 default profile: "default"
2025-07-31 13:49:54 INFO  [CalendarApplication] - Started CalendarApplication in 5.027 seconds (process running for 5.736)
2025-07-31 13:50:05 INFO  [MemberDetailsService] - loadUserByUsername()
2025-07-31 13:50:05 INFO  [SecurityConfig] - signin successHandler()
2025-07-31 13:50:05 INFO  [MemberController] - signinResult()
2025-07-31 13:50:07 INFO  [PlannerController] - home()
2025-07-31 13:52:11 INFO  [PlannerController] - home()
2025-07-31 13:52:12 INFO  [PlannerController] - home()
2025-07-31 13:52:23 INFO  [CalendarApplication] - Starting CalendarApplication using Java 21.0.7 with PID 5712 (C:\psh\spring-boot\ptj_intellij\calendar\calendar\build\classes\java\main started by Class02 in C:\psh\spring-boot\ptj_intellij\calendar\calendar)
2025-07-31 13:52:23 INFO  [CalendarApplication] - No active profile set, falling back to 1 default profile: "default"
2025-07-31 13:52:28 INFO  [CalendarApplication] - Started CalendarApplication in 4.94 seconds (process running for 5.625)
2025-07-31 13:52:33 INFO  [MemberDetailsService] - loadUserByUsername()
2025-07-31 13:52:34 INFO  [SecurityConfig] - signin successHandler()
2025-07-31 13:52:34 INFO  [MemberController] - signinResult()
2025-07-31 13:52:35 INFO  [PlannerController] - home()
2025-07-31 13:55:36 INFO  [PlannerController] - home()
2025-07-31 13:55:37 INFO  [PlannerController] - home()
2025-07-31 14:00:23 INFO  [CalendarApplication] - Starting CalendarApplication using Java 21.0.7 with PID 13604 (C:\psh\spring-boot\ptj_intellij\calendar\calendar\build\classes\java\main started by Class02 in C:\psh\spring-boot\ptj_intellij\calendar\calendar)
2025-07-31 14:00:23 INFO  [CalendarApplication] - No active profile set, falling back to 1 default profile: "default"
2025-07-31 14:00:27 INFO  [CalendarApplication] - Started CalendarApplication in 4.906 seconds (process running for 5.591)
2025-07-31 14:01:02 INFO  [MemberDetailsService] - loadUserByUsername()
2025-07-31 14:01:02 INFO  [SecurityConfig] - signin successHandler()
2025-07-31 14:01:02 INFO  [MemberController] - signinResult()
2025-07-31 14:01:04 INFO  [PlannerController] - home()
2025-07-31 14:12:14 INFO  [CalendarApplication] - Starting CalendarApplication using Java 21.0.7 with PID 4364 (C:\psh\spring-boot\ptj_intellij\calendar\calendar\build\classes\java\main started by Class02 in C:\psh\spring-boot\ptj_intellij\calendar\calendar)
2025-07-31 14:12:14 INFO  [CalendarApplication] - No active profile set, falling back to 1 default profile: "default"
2025-07-31 14:12:19 INFO  [CalendarApplication] - Started CalendarApplication in 5.165 seconds (process running for 5.89)
2025-07-31 14:12:25 INFO  [MemberDetailsService] - loadUserByUsername()
2025-07-31 14:12:25 INFO  [SecurityConfig] - signin successHandler()
2025-07-31 14:12:25 INFO  [MemberController] - signinResult()
2025-07-31 14:12:27 INFO  [PlannerController] - home()
2025-07-31 14:14:23 INFO  [CalendarApplication] - Starting CalendarApplication using Java 21.0.7 with PID 12616 (C:\psh\spring-boot\ptj_intellij\calendar\calendar\build\classes\java\main started by Class02 in C:\psh\spring-boot\ptj_intellij\calendar\calendar)
2025-07-31 14:14:23 INFO  [CalendarApplication] - No active profile set, falling back to 1 default profile: "default"
2025-07-31 14:14:28 INFO  [CalendarApplication] - Started CalendarApplication in 4.819 seconds (process running for 5.495)
2025-07-31 14:14:54 INFO  [CalendarApplication] - Starting CalendarApplication using Java 21.0.7 with PID 10444 (C:\psh\spring-boot\ptj_intellij\calendar\calendar\build\classes\java\main started by Class02 in C:\psh\spring-boot\ptj_intellij\calendar\calendar)
2025-07-31 14:14:54 INFO  [CalendarApplication] - No active profile set, falling back to 1 default profile: "default"
2025-07-31 14:14:58 INFO  [CalendarApplication] - Started CalendarApplication in 4.855 seconds (process running for 5.528)
2025-07-31 14:15:08 INFO  [MemberDetailsService] - loadUserByUsername()
2025-07-31 14:15:08 INFO  [SecurityConfig] - signin successHandler()
2025-07-31 14:15:08 INFO  [MemberController] - signinResult()
2025-07-31 14:15:10 INFO  [PlannerController] - home()
2025-07-31 14:15:45 INFO  [PlannerController] - home()
2025-07-31 14:16:03 INFO  [PlannerController] - home()
2025-07-31 14:16:26 INFO  [PlannerController] - home()
2025-07-31 14:18:50 INFO  [CalendarApplication] - Starting CalendarApplication using Java 21.0.7 with PID 9796 (C:\psh\spring-boot\ptj_intellij\calendar\calendar\build\classes\java\main started by Class02 in C:\psh\spring-boot\ptj_intellij\calendar\calendar)
2025-07-31 14:18:50 INFO  [CalendarApplication] - No active profile set, falling back to 1 default profile: "default"
2025-07-31 14:18:54 INFO  [CalendarApplication] - Started CalendarApplication in 4.814 seconds (process running for 5.493)
2025-07-31 14:19:17 INFO  [MemberDetailsService] - loadUserByUsername()
2025-07-31 14:19:17 INFO  [SecurityConfig] - signin successHandler()
2025-07-31 14:19:17 INFO  [MemberController] - signinResult()
2025-07-31 14:19:20 INFO  [PlannerController] - home()
2025-07-31 14:20:48 INFO  [CalendarApplication] - Starting CalendarApplication using Java 21.0.7 with PID 12872 (C:\psh\spring-boot\ptj_intellij\calendar\calendar\build\classes\java\main started by Class02 in C:\psh\spring-boot\ptj_intellij\calendar\calendar)
2025-07-31 14:20:48 INFO  [CalendarApplication] - No active profile set, falling back to 1 default profile: "default"
2025-07-31 14:20:53 INFO  [CalendarApplication] - Started CalendarApplication in 4.715 seconds (process running for 5.429)
2025-07-31 14:21:08 INFO  [MemberDetailsService] - loadUserByUsername()
2025-07-31 14:21:08 INFO  [SecurityConfig] - signin successHandler()
2025-07-31 14:21:08 INFO  [MemberController] - signinResult()
2025-07-31 14:21:10 INFO  [PlannerController] - home()
2025-07-31 14:47:22 INFO  [CalendarApplication] - Starting CalendarApplication using Java 21.0.7 with PID 11916 (C:\psh\spring-boot\ptj_intellij\calendar\calendar\build\classes\java\main started by Class02 in C:\psh\spring-boot\ptj_intellij\calendar\calendar)
2025-07-31 14:47:22 INFO  [CalendarApplication] - No active profile set, falling back to 1 default profile: "default"
2025-07-31 14:47:26 INFO  [CalendarApplication] - Started CalendarApplication in 4.806 seconds (process running for 5.53)
2025-07-31 14:47:41 INFO  [MemberDetailsService] - loadUserByUsername()
2025-07-31 14:47:41 INFO  [SecurityConfig] - signin successHandler()
2025-07-31 14:47:41 INFO  [MemberController] - signinResult()
2025-07-31 14:47:43 INFO  [PlannerController] - home()
2025-07-31 14:59:27 INFO  [CalendarApplication] - Starting CalendarApplication using Java 21.0.7 with PID 10624 (C:\psh\spring-boot\ptj_intellij\calendar\calendar\build\classes\java\main started by Class02 in C:\psh\spring-boot\ptj_intellij\calendar\calendar)
2025-07-31 14:59:27 INFO  [CalendarApplication] - No active profile set, falling back to 1 default profile: "default"
2025-07-31 14:59:31 INFO  [CalendarApplication] - Started CalendarApplication in 4.65 seconds (process running for 5.364)
2025-07-31 14:59:43 INFO  [MemberDetailsService] - loadUserByUsername()
2025-07-31 14:59:43 INFO  [SecurityConfig] - signin successHandler()
2025-07-31 14:59:43 INFO  [MemberController] - signinResult()
2025-07-31 14:59:44 INFO  [PlannerController] - home()
2025-07-31 15:03:24 INFO  [CalendarApplication] - Starting CalendarApplication using Java 21.0.7 with PID 9096 (C:\psh\spring-boot\ptj_intellij\calendar\calendar\build\classes\java\main started by Class02 in C:\psh\spring-boot\ptj_intellij\calendar\calendar)
2025-07-31 15:03:24 INFO  [CalendarApplication] - No active profile set, falling back to 1 default profile: "default"
2025-07-31 15:03:28 INFO  [CalendarApplication] - Started CalendarApplication in 4.938 seconds (process running for 5.664)
2025-07-31 15:05:02 INFO  [MemberDetailsService] - loadUserByUsername()
2025-07-31 15:05:02 INFO  [SecurityConfig] - signin successHandler()
2025-07-31 15:05:02 INFO  [MemberController] - signinResult()
2025-07-31 15:05:03 INFO  [PlannerController] - home()
2025-07-31 15:09:41 INFO  [CalendarApplication] - Starting CalendarApplication using Java 21.0.7 with PID 8256 (C:\psh\spring-boot\ptj_intellij\calendar\calendar\build\classes\java\main started by Class02 in C:\psh\spring-boot\ptj_intellij\calendar\calendar)
2025-07-31 15:09:41 INFO  [CalendarApplication] - No active profile set, falling back to 1 default profile: "default"
2025-07-31 15:09:46 INFO  [CalendarApplication] - Started CalendarApplication in 4.956 seconds (process running for 5.689)
2025-07-31 15:10:32 INFO  [MemberDetailsService] - loadUserByUsername()
2025-07-31 15:10:32 INFO  [SecurityConfig] - signin successHandler()
2025-07-31 15:10:32 INFO  [MemberController] - signinResult()
2025-07-31 15:10:34 INFO  [PlannerController] - home()
2025-07-31 15:13:25 INFO  [CalendarApplication] - Starting CalendarApplication using Java 21.0.7 with PID 2232 (C:\psh\spring-boot\ptj_intellij\calendar\calendar\build\classes\java\main started by Class02 in C:\psh\spring-boot\ptj_intellij\calendar\calendar)
2025-07-31 15:13:25 INFO  [CalendarApplication] - No active profile set, falling back to 1 default profile: "default"
2025-07-31 15:13:29 INFO  [CalendarApplication] - Started CalendarApplication in 4.941 seconds (process running for 5.666)
2025-07-31 15:13:51 INFO  [MemberDetailsService] - loadUserByUsername()
2025-07-31 15:13:51 INFO  [SecurityConfig] - signin successHandler()
2025-07-31 15:13:51 INFO  [MemberController] - signinResult()
2025-07-31 15:13:53 INFO  [PlannerController] - home()
2025-07-31 15:19:41 INFO  [CalendarApplication] - Starting CalendarApplication using Java 21.0.7 with PID 8960 (C:\psh\spring-boot\ptj_intellij\calendar\calendar\build\classes\java\main started by Class02 in C:\psh\spring-boot\ptj_intellij\calendar\calendar)
2025-07-31 15:19:41 INFO  [CalendarApplication] - No active profile set, falling back to 1 default profile: "default"
2025-07-31 15:19:45 INFO  [CalendarApplication] - Started CalendarApplication in 4.894 seconds (process running for 5.602)
2025-07-31 15:19:51 INFO  [MemberDetailsService] - loadUserByUsername()
2025-07-31 15:19:51 INFO  [SecurityConfig] - signin successHandler()
2025-07-31 15:19:51 INFO  [MemberController] - signinResult()
2025-07-31 15:19:53 INFO  [PlannerController] - home()
2025-07-31 15:20:21 INFO  [CalendarApplication] - Starting CalendarApplication using Java 21.0.7 with PID 3404 (C:\psh\spring-boot\ptj_intellij\calendar\calendar\build\classes\java\main started by Class02 in C:\psh\spring-boot\ptj_intellij\calendar\calendar)
2025-07-31 15:20:21 INFO  [CalendarApplication] - No active profile set, falling back to 1 default profile: "default"
2025-07-31 15:20:26 INFO  [CalendarApplication] - Started CalendarApplication in 5.022 seconds (process running for 5.737)
2025-07-31 15:21:05 INFO  [CalendarApplication] - Starting CalendarApplication using Java 21.0.7 with PID 11772 (C:\psh\spring-boot\ptj_intellij\calendar\calendar\build\classes\java\main started by Class02 in C:\psh\spring-boot\ptj_intellij\calendar\calendar)
2025-07-31 15:21:05 INFO  [CalendarApplication] - No active profile set, falling back to 1 default profile: "default"
2025-07-31 15:21:09 INFO  [CalendarApplication] - Started CalendarApplication in 5.114 seconds (process running for 5.808)
2025-07-31 15:21:13 INFO  [MemberDetailsService] - loadUserByUsername()
2025-07-31 15:21:14 INFO  [SecurityConfig] - signin successHandler()
2025-07-31 15:21:14 INFO  [MemberController] - signinResult()
2025-07-31 15:21:15 INFO  [PlannerController] - home()
2025-07-31 15:46:49 INFO  [CalendarApplication] - Starting CalendarApplication using Java 21.0.7 with PID 12504 (C:\psh\spring-boot\ptj_intellij\calendar\calendar\build\classes\java\main started by Class02 in C:\psh\spring-boot\ptj_intellij\calendar\calendar)
2025-07-31 15:46:49 INFO  [CalendarApplication] - No active profile set, falling back to 1 default profile: "default"
2025-07-31 15:46:53 INFO  [CalendarApplication] - Started CalendarApplication in 5.067 seconds (process running for 5.772)
2025-07-31 15:47:06 INFO  [MemberDetailsService] - loadUserByUsername()
2025-07-31 15:47:06 INFO  [SecurityConfig] - signin successHandler()
2025-07-31 15:47:06 INFO  [MemberController] - signinResult()
2025-07-31 15:47:07 INFO  [PlannerController] - home()
2025-07-31 16:02:25 INFO  [CalendarApplication] - Starting CalendarApplication using Java 21.0.7 with PID 12940 (C:\psh\spring-boot\ptj_intellij\calendar\calendar\build\classes\java\main started by Class02 in C:\psh\spring-boot\ptj_intellij\calendar\calendar)
2025-07-31 16:02:25 INFO  [CalendarApplication] - No active profile set, falling back to 1 default profile: "default"
2025-07-31 16:02:29 INFO  [CalendarApplication] - Started CalendarApplication in 4.695 seconds (process running for 5.402)
2025-07-31 16:02:36 INFO  [MemberDetailsService] - loadUserByUsername()
2025-07-31 16:02:37 INFO  [SecurityConfig] - signin successHandler()
2025-07-31 16:02:37 INFO  [MemberController] - signinResult()
2025-07-31 16:02:39 INFO  [PlannerController] - home()
2025-07-31 16:03:39 INFO  [CalendarApplication] - Starting CalendarApplication using Java 21.0.7 with PID 6212 (C:\psh\spring-boot\ptj_intellij\calendar\calendar\build\classes\java\main started by Class02 in C:\psh\spring-boot\ptj_intellij\calendar\calendar)
2025-07-31 16:03:39 INFO  [CalendarApplication] - No active profile set, falling back to 1 default profile: "default"
2025-07-31 16:03:43 INFO  [CalendarApplication] - Started CalendarApplication in 4.635 seconds (process running for 5.326)
2025-07-31 16:03:50 INFO  [MemberDetailsService] - loadUserByUsername()
2025-07-31 16:03:50 INFO  [SecurityConfig] - signin successHandler()
2025-07-31 16:03:50 INFO  [MemberController] - signinResult()
2025-07-31 16:03:52 INFO  [PlannerController] - home()
2025-07-31 16:15:56 INFO  [CalendarApplication] - Starting CalendarApplication using Java 21.0.7 with PID 10064 (C:\psh\spring-boot\ptj_intellij\calendar\calendar\build\classes\java\main started by Class02 in C:\psh\spring-boot\ptj_intellij\calendar\calendar)
2025-07-31 16:15:56 INFO  [CalendarApplication] - No active profile set, falling back to 1 default profile: "default"
2025-07-31 16:16:00 INFO  [CalendarApplication] - Started CalendarApplication in 4.68 seconds (process running for 5.381)
2025-07-31 16:16:09 INFO  [MemberDetailsService] - loadUserByUsername()
2025-07-31 16:16:09 INFO  [SecurityConfig] - signin successHandler()
2025-07-31 16:16:10 INFO  [MemberController] - signinResult()
2025-07-31 16:16:11 INFO  [PlannerController] - home()
2025-07-31 16:17:51 INFO  [CalendarApplication] - Starting CalendarApplication using Java 21.0.7 with PID 11828 (C:\psh\spring-boot\ptj_intellij\calendar\calendar\build\classes\java\main started by Class02 in C:\psh\spring-boot\ptj_intellij\calendar\calendar)
2025-07-31 16:17:51 INFO  [CalendarApplication] - No active profile set, falling back to 1 default profile: "default"
2025-07-31 16:17:55 INFO  [CalendarApplication] - Started CalendarApplication in 4.588 seconds (process running for 5.248)
2025-07-31 16:39:25 INFO  [CalendarApplication] - Starting CalendarApplication using Java 21.0.7 with PID 5860 (C:\psh\spring-boot\ptj_intellij\calendar\calendar\build\classes\java\main started by Class02 in C:\psh\spring-boot\ptj_intellij\calendar\calendar)
2025-07-31 16:39:25 INFO  [CalendarApplication] - No active profile set, falling back to 1 default profile: "default"
2025-07-31 16:39:29 INFO  [CalendarApplication] - Started CalendarApplication in 4.845 seconds (process running for 5.518)
2025-07-31 16:39:33 INFO  [MemberDetailsService] - loadUserByUsername()
2025-07-31 16:39:33 INFO  [SecurityConfig] - signin successHandler()
2025-07-31 16:39:33 INFO  [MemberController] - signinResult()
2025-07-31 16:39:36 INFO  [PlannerController] - home()
2025-07-31 16:41:14 INFO  [CalendarApplication] - Starting CalendarApplication using Java 21.0.7 with PID 10320 (C:\psh\spring-boot\ptj_intellij\calendar\calendar\build\classes\java\main started by Class02 in C:\psh\spring-boot\ptj_intellij\calendar\calendar)
2025-07-31 16:41:14 INFO  [CalendarApplication] - No active profile set, falling back to 1 default profile: "default"
2025-07-31 16:41:18 INFO  [CalendarApplication] - Started CalendarApplication in 4.65 seconds (process running for 5.334)
2025-07-31 16:41:27 INFO  [MemberDetailsService] - loadUserByUsername()
2025-07-31 16:41:27 INFO  [SecurityConfig] - signin successHandler()
2025-07-31 16:41:27 INFO  [MemberController] - signinResult()
2025-07-31 16:41:29 INFO  [PlannerController] - home()
2025-07-31 16:43:35 INFO  [CalendarApplication] - Starting CalendarApplication using Java 21.0.7 with PID 14280 (C:\psh\spring-boot\ptj_intellij\calendar\calendar\build\classes\java\main started by Class02 in C:\psh\spring-boot\ptj_intellij\calendar\calendar)
2025-07-31 16:43:35 INFO  [CalendarApplication] - No active profile set, falling back to 1 default profile: "default"
2025-07-31 16:43:39 INFO  [CalendarApplication] - Started CalendarApplication in 4.678 seconds (process running for 5.329)
2025-07-31 16:43:53 INFO  [MemberDetailsService] - loadUserByUsername()
2025-07-31 16:43:53 INFO  [SecurityConfig] - signin successHandler()
2025-07-31 16:43:53 INFO  [MemberController] - signinResult()
2025-07-31 16:43:55 INFO  [PlannerController] - home()
2025-08-01 09:38:47 INFO  [CalendarApplication] - Starting CalendarApplication using Java 21.0.7 with PID 4744 (C:\psh\spring-boot\ptj_intellij\calendar\calendar\build\classes\java\main started by Class02 in C:\psh\spring-boot\ptj_intellij\calendar\calendar)
2025-08-01 09:38:47 INFO  [CalendarApplication] - No active profile set, falling back to 1 default profile: "default"
2025-08-01 09:38:53 INFO  [CalendarApplication] - Started CalendarApplication in 5.762 seconds (process running for 6.558)
2025-08-01 09:38:53 INFO  [HomeController] - INFO: home()
2025-08-01 09:39:00 INFO  [MemberDetailsService] - loadUserByUsername()
2025-08-01 09:39:00 INFO  [SecurityConfig] - signin successHandler()
2025-08-01 09:39:00 INFO  [MemberController] - signinResult()
2025-08-01 09:39:02 INFO  [PlannerController] - home()
2025-08-04 10:09:57 INFO  [CalendarApplication] - Starting CalendarApplication using Java 21.0.7 with PID 7200 (C:\psh\spring-boot\ptj_intellij\calendar\calendar\build\classes\java\main started by Class02 in C:\psh\spring-boot\ptj_intellij\calendar\calendar)
2025-08-04 10:09:57 INFO  [CalendarApplication] - No active profile set, falling back to 1 default profile: "default"
2025-08-04 10:10:02 INFO  [CalendarApplication] - Started CalendarApplication in 5.313 seconds (process running for 6.069)
2025-08-04 10:10:10 INFO  [HomeController] - INFO: home()
2025-08-04 10:10:17 INFO  [MemberDetailsService] - loadUserByUsername()
2025-08-04 10:10:17 INFO  [SecurityConfig] - signin successHandler()
2025-08-04 10:10:17 INFO  [MemberController] - signinResult()
2025-08-04 10:10:19 INFO  [PlannerController] - home()
2025-08-04 11:19:44 INFO  [CalendarApplication] - Starting CalendarApplication using Java 21.0.7 with PID 7200 (C:\psh\spring-boot\ptj_intellij\calendar\calendar\build\classes\java\main started by Class02 in C:\psh\spring-boot\ptj_intellij\calendar\calendar)
2025-08-04 11:19:44 INFO  [CalendarApplication] - No active profile set, falling back to 1 default profile: "default"
2025-08-04 11:19:45 INFO  [CalendarApplication] - Started CalendarApplication in 1.342 seconds (process running for 4192.278)
2025-08-04 11:19:46 INFO  [MemberDetailsService] - loadUserByUsername()
2025-08-04 11:19:46 INFO  [SecurityConfig] - signin successHandler()
2025-08-04 11:19:46 INFO  [MemberController] - signinResult()
2025-08-04 11:19:46 INFO  [CalendarApplication] - Starting CalendarApplication using Java 21.0.7 with PID 11380 (C:\psh\spring-boot\ptj_intellij\calendar\calendar\build\classes\java\main started by Class02 in C:\psh\spring-boot\ptj_intellij\calendar\calendar)
2025-08-04 11:19:46 INFO  [CalendarApplication] - No active profile set, falling back to 1 default profile: "default"
2025-08-04 11:19:47 INFO  [CalendarApplication] - Starting CalendarApplication using Java 21.0.7 with PID 7200 (C:\psh\spring-boot\ptj_intellij\calendar\calendar\build\classes\java\main started by Class02 in C:\psh\spring-boot\ptj_intellij\calendar\calendar)
2025-08-04 11:19:47 INFO  [CalendarApplication] - No active profile set, falling back to 1 default profile: "default"
2025-08-04 11:19:48 INFO  [CalendarApplication] - Started CalendarApplication in 0.878 seconds (process running for 4194.639)
2025-08-04 11:19:48 INFO  [PlannerController] - home()
2025-08-04 12:15:16 INFO  [CalendarApplication] - Starting CalendarApplication using Java 21.0.7 with PID 7200 (C:\psh\spring-boot\ptj_intellij\calendar\calendar\build\classes\java\main started by Class02 in C:\psh\spring-boot\ptj_intellij\calendar\calendar)
2025-08-04 12:15:16 INFO  [CalendarApplication] - No active profile set, falling back to 1 default profile: "default"
2025-08-04 12:15:16 INFO  [CalendarApplication] - Starting CalendarApplication using Java 21.0.7 with PID 5196 (C:\psh\spring-boot\ptj_intellij\calendar\calendar\build\classes\java\main started by Class02 in C:\psh\spring-boot\ptj_intellij\calendar\calendar)
2025-08-04 12:15:16 INFO  [CalendarApplication] - No active profile set, falling back to 1 default profile: "default"
2025-08-04 12:15:17 INFO  [CalendarApplication] - Started CalendarApplication in 1.045 seconds (process running for 7523.78)
2025-08-04 12:15:29 INFO  [MemberDetailsService] - loadUserByUsername()
2025-08-04 12:15:29 INFO  [SecurityConfig] - signin successHandler()
2025-08-04 12:15:29 INFO  [MemberController] - signinResult()
2025-08-04 12:15:31 INFO  [PlannerController] - home()
2025-08-04 12:19:09 INFO  [CalendarApplication] - Starting CalendarApplication using Java 21.0.7 with PID 7200 (C:\psh\spring-boot\ptj_intellij\calendar\calendar\build\classes\java\main started by Class02 in C:\psh\spring-boot\ptj_intellij\calendar\calendar)
2025-08-04 12:19:09 INFO  [CalendarApplication] - No active profile set, falling back to 1 default profile: "default"
2025-08-04 12:19:09 INFO  [CalendarApplication] - Starting CalendarApplication using Java 21.0.7 with PID 12764 (C:\psh\spring-boot\ptj_intellij\calendar\calendar\build\classes\java\main started by Class02 in C:\psh\spring-boot\ptj_intellij\calendar\calendar)
2025-08-04 12:19:09 INFO  [CalendarApplication] - No active profile set, falling back to 1 default profile: "default"
2025-08-04 12:19:09 INFO  [CalendarApplication] - Started CalendarApplication in 0.924 seconds (process running for 7756.303)
2025-08-04 12:19:14 INFO  [PlannerController] - home()
2025-08-04 12:19:15 INFO  [PlannerController] - home()
2025-08-04 12:19:16 INFO  [PlannerController] - home()
2025-08-04 12:19:17 INFO  [PlannerController] - home()
2025-08-04 12:19:17 INFO  [PlannerController] - home()
2025-08-04 12:19:18 INFO  [PlannerController] - home()
2025-08-04 12:19:19 INFO  [PlannerController] - home()
2025-08-04 12:19:20 INFO  [SecurityConfig] - signout logoutSuccessHandler()
2025-08-04 12:19:20 INFO  [HomeController] - INFO: home()
2025-08-04 12:19:22 INFO  [HomeController] - INFO: home()
2025-08-04 12:19:27 INFO  [MemberDetailsService] - loadUserByUsername()
2025-08-04 12:19:27 INFO  [SecurityConfig] - signin successHandler()
2025-08-04 12:19:27 INFO  [MemberController] - signinResult()
2025-08-04 12:19:29 INFO  [PlannerController] - home()
2025-08-04 12:19:52 INFO  [PlannerController] - getPlan()
2025-08-04 12:19:52 INFO  [PlannerService] - getPlan()
2025-08-04 12:20:56 INFO  [HomeController] - INFO: home()
2025-08-04 12:20:57 INFO  [PlannerController] - home()
2025-08-04 13:48:07 INFO  [CalendarApplication] - Starting CalendarApplication using Java 21.0.7 with PID 12040 (C:\psh\spring-boot\ptj_intellij\calendar\calendar\build\classes\java\main started by Class02 in C:\psh\spring-boot\ptj_intellij\calendar\calendar)
2025-08-04 13:48:07 INFO  [CalendarApplication] - No active profile set, falling back to 1 default profile: "default"
2025-08-04 13:48:07 INFO  [CalendarApplication] - Starting CalendarApplication using Java 21.0.7 with PID 7200 (C:\psh\spring-boot\ptj_intellij\calendar\calendar\build\classes\java\main started by Class02 in C:\psh\spring-boot\ptj_intellij\calendar\calendar)
2025-08-04 13:48:07 INFO  [CalendarApplication] - No active profile set, falling back to 1 default profile: "default"
2025-08-04 13:48:08 INFO  [CalendarApplication] - Started CalendarApplication in 1.314 seconds (process running for 13094.858)
2025-08-04 13:48:19 INFO  [MemberDetailsService] - loadUserByUsername()
2025-08-04 13:48:19 INFO  [SecurityConfig] - signin successHandler()
2025-08-04 13:48:19 INFO  [MemberController] - signinResult()
2025-08-04 13:48:21 INFO  [PlannerController] - home()
2025-08-04 13:48:21 INFO  [PlannerController] - getPlans()
2025-08-04 13:48:21 INFO  [PlannerService] - getPlans()
2025-08-04 13:50:25 INFO  [CalendarApplication] - Starting CalendarApplication using Java 21.0.7 with PID 7200 (C:\psh\spring-boot\ptj_intellij\calendar\calendar\build\classes\java\main started by Class02 in C:\psh\spring-boot\ptj_intellij\calendar\calendar)
2025-08-04 13:50:25 INFO  [CalendarApplication] - No active profile set, falling back to 1 default profile: "default"
2025-08-04 13:50:25 INFO  [CalendarApplication] - Starting CalendarApplication using Java 21.0.7 with PID 9412 (C:\psh\spring-boot\ptj_intellij\calendar\calendar\build\classes\java\main started by Class02 in C:\psh\spring-boot\ptj_intellij\calendar\calendar)
2025-08-04 13:50:25 INFO  [CalendarApplication] - No active profile set, falling back to 1 default profile: "default"
2025-08-04 13:50:26 INFO  [CalendarApplication] - Started CalendarApplication in 0.939 seconds (process running for 13232.9)
2025-08-04 13:50:34 INFO  [PlannerController] - home()
2025-08-04 13:50:34 INFO  [PlannerController] - getPlans()
2025-08-04 13:50:34 INFO  [PlannerService] - getPlans()
2025-08-04 13:50:35 INFO  [PlannerController] - home()
2025-08-04 13:50:35 INFO  [PlannerController] - getPlans()
2025-08-04 13:50:35 INFO  [PlannerService] - getPlans()
2025-08-04 13:50:35 INFO  [PlannerController] - home()
2025-08-04 13:50:35 INFO  [PlannerController] - getPlans()
2025-08-04 13:50:35 INFO  [PlannerService] - getPlans()
2025-08-04 13:50:36 INFO  [PlannerController] - home()
2025-08-04 13:50:36 INFO  [PlannerController] - getPlans()
2025-08-04 13:50:36 INFO  [PlannerService] - getPlans()
2025-08-04 13:50:37 INFO  [PlannerController] - home()
2025-08-04 13:50:37 INFO  [PlannerController] - getPlans()
2025-08-04 13:50:37 INFO  [PlannerService] - getPlans()
2025-08-04 13:50:37 INFO  [PlannerController] - home()
2025-08-04 13:50:37 INFO  [PlannerController] - getPlans()
2025-08-04 13:50:37 INFO  [PlannerService] - getPlans()
2025-08-04 13:50:39 INFO  [PlannerController] - home()
2025-08-04 13:50:39 INFO  [PlannerController] - getPlans()
2025-08-04 13:50:39 INFO  [PlannerService] - getPlans()
2025-08-04 13:50:39 INFO  [PlannerController] - home()
2025-08-04 13:50:39 INFO  [PlannerController] - getPlans()
2025-08-04 13:50:39 INFO  [PlannerService] - getPlans()
2025-08-04 13:50:40 INFO  [PlannerController] - home()
2025-08-04 13:50:40 INFO  [PlannerController] - getPlans()
2025-08-04 13:50:40 INFO  [PlannerService] - getPlans()
2025-08-04 13:50:40 INFO  [PlannerController] - home()
2025-08-04 13:50:40 INFO  [PlannerController] - getPlans()
2025-08-04 13:50:40 INFO  [PlannerService] - getPlans()
2025-08-04 13:50:40 INFO  [PlannerController] - home()
2025-08-04 13:50:40 INFO  [PlannerController] - getPlans()
2025-08-04 13:50:40 INFO  [PlannerService] - getPlans()
2025-08-04 13:50:40 INFO  [PlannerController] - home()
2025-08-04 13:50:41 INFO  [PlannerController] - getPlans()
2025-08-04 13:50:41 INFO  [PlannerService] - getPlans()
2025-08-04 13:50:41 INFO  [PlannerController] - home()
2025-08-04 13:50:41 INFO  [PlannerController] - getPlans()
2025-08-04 13:50:41 INFO  [PlannerService] - getPlans()
2025-08-04 13:50:42 INFO  [HomeController] - INFO: home()
2025-08-04 13:50:43 INFO  [SecurityConfig] - signout logoutSuccessHandler()
2025-08-04 13:50:43 INFO  [HomeController] - INFO: home()
2025-08-04 13:50:48 INFO  [MemberDetailsService] - loadUserByUsername()
2025-08-04 13:50:49 INFO  [SecurityConfig] - signin successHandler()
2025-08-04 13:50:49 INFO  [MemberController] - signinResult()
2025-08-04 13:50:50 INFO  [PlannerController] - home()
2025-08-04 13:50:50 INFO  [PlannerController] - getPlans()
2025-08-04 13:50:50 INFO  [PlannerService] - getPlans()
2025-08-04 13:50:59 INFO  [PlannerController] - writePlan()
2025-08-04 13:50:59 INFO  [UploadFileService] - FILE UPLOAD SUCCESS!!
2025-08-04 13:50:59 INFO  [PlannerService] - writePlan()
2025-08-04 13:50:59 INFO  [PlannerService] - INSERT NEW PLAN SUCCESS!!
2025-08-04 13:58:42 INFO  [CalendarApplication] - Starting CalendarApplication using Java 21.0.7 with PID 7200 (C:\psh\spring-boot\ptj_intellij\calendar\calendar\build\classes\java\main started by Class02 in C:\psh\spring-boot\ptj_intellij\calendar\calendar)
2025-08-04 13:58:42 INFO  [CalendarApplication] - No active profile set, falling back to 1 default profile: "default"
2025-08-04 13:58:42 INFO  [CalendarApplication] - Starting CalendarApplication using Java 21.0.7 with PID 12456 (C:\psh\spring-boot\ptj_intellij\calendar\calendar\build\classes\java\main started by Class02 in C:\psh\spring-boot\ptj_intellij\calendar\calendar)
2025-08-04 13:58:42 INFO  [CalendarApplication] - No active profile set, falling back to 1 default profile: "default"
2025-08-04 13:58:43 INFO  [CalendarApplication] - Started CalendarApplication in 0.946 seconds (process running for 13729.727)
2025-08-04 13:58:43 INFO  [PlannerController] - home()
2025-08-04 13:58:43 INFO  [PlannerController] - getPlans()
2025-08-04 13:58:43 INFO  [PlannerService] - getPlans()
2025-08-04 13:58:44 INFO  [PlannerController] - home()
2025-08-04 13:58:44 INFO  [PlannerController] - getPlans()
2025-08-04 13:58:44 INFO  [PlannerService] - getPlans()
2025-08-04 13:58:51 INFO  [HomeController] - INFO: home()
2025-08-04 13:58:52 INFO  [SecurityConfig] - signout logoutSuccessHandler()
2025-08-04 13:58:52 INFO  [HomeController] - INFO: home()
2025-08-04 13:58:57 INFO  [MemberDetailsService] - loadUserByUsername()
2025-08-04 13:58:57 INFO  [SecurityConfig] - signin successHandler()
2025-08-04 13:58:57 INFO  [MemberController] - signinResult()
2025-08-04 13:58:59 INFO  [PlannerController] - home()
2025-08-04 13:58:59 INFO  [PlannerController] - getPlans()
2025-08-04 13:58:59 INFO  [PlannerService] - getPlans()
2025-08-04 13:59:03 INFO  [PlannerController] - getPlan()
2025-08-04 13:59:03 INFO  [PlannerService] - getPlan()
2025-08-04 13:59:04 INFO  [PlannerController] - getPlan()
2025-08-04 13:59:04 INFO  [PlannerService] - getPlan()
2025-08-04 13:59:13 INFO  [PlannerController] - writePlan()
2025-08-04 13:59:13 INFO  [UploadFileService] - FILE UPLOAD SUCCESS!!
2025-08-04 13:59:13 INFO  [PlannerService] - writePlan()
2025-08-04 13:59:13 INFO  [PlannerService] - INSERT NEW PLAN SUCCESS!!
2025-08-04 13:59:56 INFO  [CalendarApplication] - Starting CalendarApplication using Java 21.0.7 with PID 7200 (C:\psh\spring-boot\ptj_intellij\calendar\calendar\build\classes\java\main started by Class02 in C:\psh\spring-boot\ptj_intellij\calendar\calendar)
2025-08-04 13:59:56 INFO  [CalendarApplication] - No active profile set, falling back to 1 default profile: "default"
2025-08-04 13:59:57 INFO  [CalendarApplication] - Starting CalendarApplication using Java 21.0.7 with PID 7720 (C:\psh\spring-boot\ptj_intellij\calendar\calendar\build\classes\java\main started by Class02 in C:\psh\spring-boot\ptj_intellij\calendar\calendar)
2025-08-04 13:59:57 INFO  [CalendarApplication] - No active profile set, falling back to 1 default profile: "default"
2025-08-04 13:59:57 INFO  [CalendarApplication] - Started CalendarApplication in 0.806 seconds (process running for 13804.12)
2025-08-04 14:00:00 INFO  [PlannerController] - home()
2025-08-04 14:00:00 INFO  [PlannerController] - getPlans()
2025-08-04 14:00:00 INFO  [PlannerService] - getPlans()
2025-08-04 14:00:01 INFO  [PlannerController] - home()
2025-08-04 14:00:01 INFO  [PlannerController] - getPlans()
2025-08-04 14:00:01 INFO  [PlannerService] - getPlans()
2025-08-04 14:00:03 INFO  [SecurityConfig] - signout logoutSuccessHandler()
2025-08-04 14:00:03 INFO  [HomeController] - INFO: home()
2025-08-04 14:00:08 INFO  [MemberDetailsService] - loadUserByUsername()
2025-08-04 14:00:09 INFO  [SecurityConfig] - signin successHandler()
2025-08-04 14:00:09 INFO  [MemberController] - signinResult()
2025-08-04 14:00:10 INFO  [PlannerController] - home()
2025-08-04 14:00:10 INFO  [PlannerController] - getPlans()
2025-08-04 14:00:10 INFO  [PlannerService] - getPlans()
2025-08-04 14:00:18 INFO  [PlannerController] - writePlan()
2025-08-04 14:00:18 INFO  [UploadFileService] - FILE UPLOAD SUCCESS!!
2025-08-04 14:00:18 INFO  [PlannerService] - writePlan()
2025-08-04 14:00:18 INFO  [PlannerService] - INSERT NEW PLAN SUCCESS!!
2025-08-04 14:00:20 INFO  [PlannerController] - getPlans()
2025-08-04 14:00:20 INFO  [PlannerService] - getPlans()
2025-08-04 14:00:21 INFO  [PlannerController] - getPlan()
2025-08-04 14:00:21 INFO  [PlannerService] - getPlan()
2025-08-04 14:00:23 INFO  [PlannerController] - getPlan()
2025-08-04 14:00:23 INFO  [PlannerService] - getPlan()
2025-08-04 14:03:28 INFO  [CalendarApplication] - Starting CalendarApplication using Java 21.0.7 with PID 11392 (C:\psh\spring-boot\ptj_intellij\calendar\calendar\build\classes\java\main started by Class02 in C:\psh\spring-boot\ptj_intellij\calendar\calendar)
2025-08-04 14:03:28 INFO  [CalendarApplication] - No active profile set, falling back to 1 default profile: "default"
2025-08-04 14:03:29 INFO  [CalendarApplication] - Starting CalendarApplication using Java 21.0.7 with PID 7200 (C:\psh\spring-boot\ptj_intellij\calendar\calendar\build\classes\java\main started by Class02 in C:\psh\spring-boot\ptj_intellij\calendar\calendar)
2025-08-04 14:03:29 INFO  [CalendarApplication] - No active profile set, falling back to 1 default profile: "default"
2025-08-04 14:03:29 INFO  [CalendarApplication] - Started CalendarApplication in 0.801 seconds (process running for 14016.21)
2025-08-04 14:03:34 INFO  [PlannerController] - home()
2025-08-04 14:03:34 INFO  [PlannerController] - getPlans()
2025-08-04 14:03:34 INFO  [PlannerService] - getPlans()
2025-08-04 14:03:34 INFO  [PlannerController] - home()
2025-08-04 14:03:34 INFO  [PlannerController] - getPlans()
2025-08-04 14:03:34 INFO  [PlannerService] - getPlans()
2025-08-04 14:03:36 INFO  [PlannerController] - getPlan()
2025-08-04 14:03:36 INFO  [PlannerService] - getPlan()
2025-08-04 14:03:43 INFO  [PlannerController] - modifyPlan()
2025-08-04 14:03:43 INFO  [PlannerService] - modifyPlan()
2025-08-04 14:03:44 INFO  [PlannerController] - getPlans()
2025-08-04 14:03:44 INFO  [PlannerService] - getPlans()
2025-08-04 14:03:47 INFO  [PlannerController] - getPlan()
2025-08-04 14:03:47 INFO  [PlannerService] - getPlan()
2025-08-04 14:03:49 INFO  [PlannerController] - removePlan()
2025-08-04 14:03:49 INFO  [PlannerService] - removePlan()
2025-08-04 14:03:51 INFO  [PlannerController] - getPlan()
2025-08-04 14:03:51 INFO  [PlannerService] - getPlan()
2025-08-04 14:03:56 INFO  [PlannerController] - getPlan()
2025-08-04 14:03:56 INFO  [PlannerService] - getPlan()
2025-08-04 14:04:00 INFO  [PlannerController] - getPlan()
2025-08-04 14:04:00 INFO  [PlannerService] - getPlan()
2025-08-04 14:04:01 INFO  [PlannerController] - removePlan()
2025-08-04 14:04:01 INFO  [PlannerService] - removePlan()
2025-08-04 14:08:12 INFO  [CalendarApplication] - Starting CalendarApplication using Java 21.0.7 with PID 7200 (C:\psh\spring-boot\ptj_intellij\calendar\calendar\build\classes\java\main started by Class02 in C:\psh\spring-boot\ptj_intellij\calendar\calendar)
2025-08-04 14:08:12 INFO  [CalendarApplication] - No active profile set, falling back to 1 default profile: "default"
2025-08-04 14:08:12 INFO  [CalendarApplication] - Starting CalendarApplication using Java 21.0.7 with PID 3068 (C:\psh\spring-boot\ptj_intellij\calendar\calendar\build\classes\java\main started by Class02 in C:\psh\spring-boot\ptj_intellij\calendar\calendar)
2025-08-04 14:08:12 INFO  [CalendarApplication] - No active profile set, falling back to 1 default profile: "default"
2025-08-04 14:08:13 INFO  [CalendarApplication] - Started CalendarApplication in 0.812 seconds (process running for 14300.046)
2025-08-04 14:08:18 INFO  [PlannerController] - home()
2025-08-04 14:08:18 INFO  [PlannerController] - getPlans()
2025-08-04 14:08:18 INFO  [PlannerService] - getPlans()
2025-08-04 14:08:19 INFO  [PlannerController] - home()
2025-08-04 14:08:19 INFO  [PlannerController] - getPlans()
2025-08-04 14:08:19 INFO  [PlannerService] - getPlans()
2025-08-04 14:08:21 INFO  [PlannerController] - getPlan()
2025-08-04 14:08:21 INFO  [PlannerService] - getPlan()
2025-08-04 14:08:22 INFO  [PlannerController] - removePlan()
2025-08-04 14:08:22 INFO  [PlannerService] - removePlan()
2025-08-04 14:08:23 INFO  [PlannerController] - getPlans()
2025-08-04 14:08:23 INFO  [PlannerService] - getPlans()
2025-08-04 14:08:24 INFO  [PlannerController] - getPlan()
2025-08-04 14:08:24 INFO  [PlannerService] - getPlan()
2025-08-04 14:08:25 INFO  [PlannerController] - removePlan()
2025-08-04 14:08:25 INFO  [PlannerService] - removePlan()
2025-08-04 14:08:26 INFO  [PlannerController] - getPlans()
2025-08-04 14:08:26 INFO  [PlannerService] - getPlans()
2025-08-04 14:08:27 INFO  [PlannerController] - getPlan()
2025-08-04 14:08:27 INFO  [PlannerService] - getPlan()
2025-08-04 14:08:28 INFO  [PlannerController] - removePlan()
2025-08-04 14:08:28 INFO  [PlannerService] - removePlan()
2025-08-04 14:08:29 INFO  [PlannerController] - getPlans()
2025-08-04 14:08:29 INFO  [PlannerService] - getPlans()
2025-08-04 14:08:30 INFO  [PlannerController] - getPlans()
2025-08-04 14:08:30 INFO  [PlannerService] - getPlans()
2025-08-04 14:08:31 INFO  [PlannerController] - getPlans()
2025-08-04 14:08:31 INFO  [PlannerService] - getPlans()
2025-08-04 14:08:52 INFO  [PlannerController] - writePlan()
2025-08-04 14:08:52 INFO  [UploadFileService] - FILE UPLOAD SUCCESS!!
2025-08-04 14:08:52 INFO  [PlannerService] - writePlan()
2025-08-04 14:08:53 INFO  [PlannerService] - INSERT NEW PLAN SUCCESS!!
2025-08-04 14:08:54 INFO  [PlannerController] - getPlans()
2025-08-04 14:08:54 INFO  [PlannerService] - getPlans()
2025-08-04 14:08:58 INFO  [PlannerController] - getPlan()
2025-08-04 14:08:58 INFO  [PlannerService] - getPlan()
2025-08-04 14:09:02 INFO  [PlannerController] - getPlan()
2025-08-04 14:09:02 INFO  [PlannerService] - getPlan()
2025-08-04 14:09:12 INFO  [PlannerController] - modifyPlan()
2025-08-04 14:09:12 INFO  [PlannerService] - modifyPlan()
2025-08-04 14:09:13 INFO  [PlannerController] - getPlans()
2025-08-04 14:09:13 INFO  [PlannerService] - getPlans()
2025-08-04 14:09:17 INFO  [PlannerController] - getPlan()
2025-08-04 14:09:17 INFO  [PlannerService] - getPlan()
2025-08-04 14:09:26 INFO  [PlannerController] - getPlans()
2025-08-04 14:09:26 INFO  [PlannerService] - getPlans()
2025-08-04 14:09:27 INFO  [PlannerController] - getPlans()
2025-08-04 14:09:27 INFO  [PlannerService] - getPlans()
2025-08-04 14:09:28 INFO  [PlannerController] - getPlans()
2025-08-04 14:09:28 INFO  [PlannerService] - getPlans()
2025-08-04 14:09:28 INFO  [PlannerController] - getPlans()
2025-08-04 14:09:28 INFO  [PlannerService] - getPlans()
2025-08-04 14:09:29 INFO  [PlannerController] - getPlans()
2025-08-04 14:09:29 INFO  [PlannerService] - getPlans()
2025-08-04 14:09:29 INFO  [PlannerController] - getPlans()
2025-08-04 14:09:29 INFO  [PlannerService] - getPlans()
2025-08-04 14:09:29 INFO  [PlannerController] - getPlans()
2025-08-04 14:09:29 INFO  [PlannerService] - getPlans()
2025-08-04 14:09:31 INFO  [PlannerController] - getPlans()
2025-08-04 14:09:31 INFO  [PlannerService] - getPlans()
2025-08-04 14:09:31 INFO  [PlannerController] - getPlans()
2025-08-04 14:09:31 INFO  [PlannerService] - getPlans()
2025-08-04 14:09:31 INFO  [PlannerController] - getPlans()
2025-08-04 14:09:31 INFO  [PlannerService] - getPlans()
2025-08-04 14:09:32 INFO  [PlannerController] - getPlans()
2025-08-04 14:09:32 INFO  [PlannerService] - getPlans()
2025-08-04 14:09:32 INFO  [PlannerController] - getPlans()
2025-08-04 14:09:32 INFO  [PlannerService] - getPlans()
2025-08-04 14:09:32 INFO  [PlannerController] - getPlans()
2025-08-04 14:09:32 INFO  [PlannerService] - getPlans()
2025-08-04 14:09:32 INFO  [PlannerController] - getPlans()
2025-08-04 14:09:32 INFO  [PlannerService] - getPlans()
2025-08-04 14:09:32 INFO  [PlannerController] - getPlans()
2025-08-04 14:09:32 INFO  [PlannerService] - getPlans()
2025-08-04 14:09:33 INFO  [PlannerController] - getPlans()
2025-08-04 14:09:33 INFO  [PlannerService] - getPlans()
2025-08-04 14:09:33 INFO  [PlannerController] - getPlans()
2025-08-04 14:09:33 INFO  [PlannerService] - getPlans()
2025-08-04 14:09:33 INFO  [PlannerController] - getPlans()
2025-08-04 14:09:33 INFO  [PlannerService] - getPlans()
2025-08-04 14:09:33 INFO  [PlannerController] - getPlans()
2025-08-04 14:09:33 INFO  [PlannerService] - getPlans()
2025-08-04 14:09:34 INFO  [PlannerController] - getPlans()
2025-08-04 14:09:34 INFO  [PlannerService] - getPlans()
2025-08-04 14:09:34 INFO  [PlannerController] - getPlans()
2025-08-04 14:09:34 INFO  [PlannerService] - getPlans()
2025-08-04 14:09:34 INFO  [PlannerController] - getPlans()
2025-08-04 14:09:34 INFO  [PlannerService] - getPlans()
2025-08-04 14:09:35 INFO  [PlannerController] - getPlans()
2025-08-04 14:09:35 INFO  [PlannerService] - getPlans()
2025-08-04 14:09:35 INFO  [PlannerController] - getPlans()
2025-08-04 14:09:35 INFO  [PlannerService] - getPlans()
2025-08-04 14:09:35 INFO  [PlannerController] - getPlans()
2025-08-04 14:09:35 INFO  [PlannerService] - getPlans()
2025-08-04 14:09:36 INFO  [PlannerController] - getPlans()
2025-08-04 14:09:36 INFO  [PlannerService] - getPlans()
2025-08-04 14:09:36 INFO  [PlannerController] - getPlans()
2025-08-04 14:09:36 INFO  [PlannerService] - getPlans()
2025-08-04 14:09:36 INFO  [PlannerController] - getPlans()
2025-08-04 14:09:36 INFO  [PlannerService] - getPlans()
2025-08-04 14:09:36 INFO  [PlannerController] - getPlans()
2025-08-04 14:09:36 INFO  [PlannerService] - getPlans()
2025-08-04 14:09:36 INFO  [PlannerController] - getPlans()
2025-08-04 14:09:36 INFO  [PlannerService] - getPlans()
2025-08-04 14:09:37 INFO  [PlannerController] - getPlans()
2025-08-04 14:09:37 INFO  [PlannerService] - getPlans()
2025-08-04 14:09:37 INFO  [PlannerController] - getPlans()
2025-08-04 14:09:37 INFO  [PlannerService] - getPlans()
2025-08-04 14:09:37 INFO  [PlannerController] - getPlans()
2025-08-04 14:09:37 INFO  [PlannerService] - getPlans()
2025-08-04 14:09:40 INFO  [PlannerController] - getPlans()
2025-08-04 14:09:40 INFO  [PlannerService] - getPlans()
2025-08-04 14:09:40 INFO  [PlannerController] - getPlans()
2025-08-04 14:09:40 INFO  [PlannerService] - getPlans()
2025-08-04 14:09:40 INFO  [PlannerController] - getPlans()
2025-08-04 14:09:40 INFO  [PlannerService] - getPlans()
2025-08-04 14:09:40 INFO  [PlannerController] - getPlans()
2025-08-04 14:09:40 INFO  [PlannerService] - getPlans()
2025-08-04 14:09:41 INFO  [PlannerController] - getPlans()
2025-08-04 14:09:41 INFO  [PlannerService] - getPlans()
2025-08-04 14:09:41 INFO  [PlannerController] - getPlans()
2025-08-04 14:09:41 INFO  [PlannerService] - getPlans()
2025-08-04 14:09:41 INFO  [PlannerController] - getPlans()
2025-08-04 14:09:41 INFO  [PlannerService] - getPlans()
2025-08-04 14:09:41 INFO  [PlannerController] - getPlans()
2025-08-04 14:09:41 INFO  [PlannerService] - getPlans()
2025-08-04 14:09:41 INFO  [PlannerController] - getPlans()
2025-08-04 14:09:41 INFO  [PlannerService] - getPlans()
2025-08-04 14:09:42 INFO  [PlannerController] - getPlans()
2025-08-04 14:09:42 INFO  [PlannerService] - getPlans()
2025-08-04 14:09:42 INFO  [PlannerController] - getPlans()
2025-08-04 14:09:42 INFO  [PlannerService] - getPlans()
2025-08-04 14:09:42 INFO  [PlannerController] - getPlans()
2025-08-04 14:09:42 INFO  [PlannerService] - getPlans()
2025-08-04 14:09:42 INFO  [PlannerController] - getPlans()
2025-08-04 14:09:42 INFO  [PlannerService] - getPlans()
2025-08-04 14:09:42 INFO  [PlannerController] - getPlans()
2025-08-04 14:09:42 INFO  [PlannerService] - getPlans()
2025-08-04 14:09:43 INFO  [PlannerController] - getPlans()
2025-08-04 14:09:43 INFO  [PlannerService] - getPlans()
2025-08-04 14:09:43 INFO  [PlannerController] - getPlans()
2025-08-04 14:09:43 INFO  [PlannerService] - getPlans()
2025-08-04 14:09:43 INFO  [PlannerController] - getPlans()
2025-08-04 14:09:43 INFO  [PlannerService] - getPlans()
2025-08-04 14:09:43 INFO  [PlannerController] - getPlans()
2025-08-04 14:09:43 INFO  [PlannerService] - getPlans()
2025-08-04 14:09:44 INFO  [PlannerController] - getPlans()
2025-08-04 14:09:44 INFO  [PlannerService] - getPlans()
2025-08-04 14:10:28 INFO  [PlannerController] - home()
2025-08-04 14:10:28 INFO  [PlannerController] - getPlans()
2025-08-04 14:10:28 INFO  [PlannerService] - getPlans()
2025-08-04 14:10:35 INFO  [PlannerController] - writePlan()
2025-08-04 14:10:35 INFO  [UploadFileService] - FILE UPLOAD SUCCESS!!
2025-08-04 14:10:35 INFO  [PlannerService] - writePlan()
2025-08-04 14:10:35 INFO  [PlannerService] - INSERT NEW PLAN SUCCESS!!
2025-08-04 14:10:36 INFO  [PlannerController] - getPlans()
2025-08-04 14:10:36 INFO  [PlannerService] - getPlans()
2025-08-04 14:10:37 INFO  [PlannerController] - getPlan()
2025-08-04 14:10:37 INFO  [PlannerService] - getPlan()
2025-08-04 14:10:41 INFO  [PlannerController] - modifyPlan()
2025-08-04 14:10:41 INFO  [PlannerService] - modifyPlan()
2025-08-04 14:10:42 INFO  [PlannerController] - getPlans()
2025-08-04 14:10:42 INFO  [PlannerService] - getPlans()
2025-08-04 14:10:59 INFO  [CalendarApplication] - Starting CalendarApplication using Java 21.0.7 with PID 7200 (C:\psh\spring-boot\ptj_intellij\calendar\calendar\build\classes\java\main started by Class02 in C:\psh\spring-boot\ptj_intellij\calendar\calendar)
2025-08-04 14:10:59 INFO  [CalendarApplication] - No active profile set, falling back to 1 default profile: "default"
2025-08-04 14:10:59 INFO  [CalendarApplication] - Starting CalendarApplication using Java 21.0.7 with PID 6476 (C:\psh\spring-boot\ptj_intellij\calendar\calendar\build\classes\java\main started by Class02 in C:\psh\spring-boot\ptj_intellij\calendar\calendar)
2025-08-04 14:10:59 INFO  [CalendarApplication] - No active profile set, falling back to 1 default profile: "default"
2025-08-04 14:11:00 INFO  [CalendarApplication] - Started CalendarApplication in 0.855 seconds (process running for 14466.484)
2025-08-04 14:11:01 INFO  [PlannerController] - home()
2025-08-04 14:11:01 INFO  [PlannerController] - getPlans()
2025-08-04 14:11:01 INFO  [PlannerService] - getPlans()
2025-08-04 14:11:02 INFO  [PlannerController] - home()
2025-08-04 14:11:02 INFO  [PlannerController] - getPlans()
2025-08-04 14:11:02 INFO  [PlannerService] - getPlans()
2025-08-04 14:11:02 INFO  [PlannerController] - home()
2025-08-04 14:11:02 INFO  [PlannerController] - getPlans()
2025-08-04 14:11:02 INFO  [PlannerService] - getPlans()
2025-08-04 14:11:02 INFO  [PlannerController] - home()
2025-08-04 14:11:02 INFO  [PlannerController] - getPlans()
2025-08-04 14:11:02 INFO  [PlannerService] - getPlans()
2025-08-04 14:11:03 INFO  [PlannerController] - home()
2025-08-04 14:11:03 INFO  [PlannerController] - getPlans()
2025-08-04 14:11:03 INFO  [PlannerService] - getPlans()
2025-08-04 14:11:03 INFO  [PlannerController] - home()
2025-08-04 14:11:03 INFO  [PlannerController] - getPlans()
2025-08-04 14:11:03 INFO  [PlannerService] - getPlans()
2025-08-04 14:11:11 INFO  [SecurityConfig] - signout logoutSuccessHandler()
2025-08-04 14:11:11 INFO  [HomeController] - INFO: home()
2025-08-04 14:11:16 INFO  [MemberDetailsService] - loadUserByUsername()
2025-08-04 14:11:16 INFO  [SecurityConfig] - signin successHandler()
2025-08-04 14:11:16 INFO  [MemberController] - signinResult()
2025-08-04 14:11:18 INFO  [PlannerController] - home()
2025-08-04 14:11:18 INFO  [PlannerController] - getPlans()
2025-08-04 14:11:18 INFO  [PlannerService] - getPlans()
2025-08-04 14:11:19 INFO  [PlannerController] - getPlan()
2025-08-04 14:11:19 INFO  [PlannerService] - getPlan()
2025-08-04 14:11:22 INFO  [PlannerController] - modifyPlan()
2025-08-04 14:11:22 INFO  [PlannerService] - modifyPlan()
2025-08-04 14:11:23 INFO  [PlannerController] - getPlans()
2025-08-04 14:11:23 INFO  [PlannerService] - getPlans()
2025-08-04 14:12:38 INFO  [PlannerController] - home()
2025-08-04 14:12:38 INFO  [PlannerController] - getPlans()
2025-08-04 14:12:38 INFO  [PlannerService] - getPlans()
2025-08-04 14:12:39 INFO  [PlannerController] - getPlan()
2025-08-04 14:12:39 INFO  [PlannerService] - getPlan()
2025-08-04 14:12:42 INFO  [PlannerController] - modifyPlan()
2025-08-04 14:12:42 INFO  [PlannerService] - modifyPlan()
2025-08-04 14:12:43 INFO  [PlannerController] - getPlans()
2025-08-04 14:12:43 INFO  [PlannerService] - getPlans()
2025-08-04 14:12:50 INFO  [CalendarApplication] - Starting CalendarApplication using Java 21.0.7 with PID 12308 (C:\psh\spring-boot\ptj_intellij\calendar\calendar\build\classes\java\main started by Class02 in C:\psh\spring-boot\ptj_intellij\calendar\calendar)
2025-08-04 14:12:50 INFO  [CalendarApplication] - No active profile set, falling back to 1 default profile: "default"
2025-08-04 14:12:51 INFO  [CalendarApplication] - Starting CalendarApplication using Java 21.0.7 with PID 7200 (C:\psh\spring-boot\ptj_intellij\calendar\calendar\build\classes\java\main started by Class02 in C:\psh\spring-boot\ptj_intellij\calendar\calendar)
2025-08-04 14:12:51 INFO  [CalendarApplication] - No active profile set, falling back to 1 default profile: "default"
2025-08-04 14:12:52 INFO  [CalendarApplication] - Started CalendarApplication in 0.774 seconds (process running for 14578.601)
2025-08-04 14:13:03 INFO  [PlannerController] - getPlan()
2025-08-04 14:13:03 INFO  [PlannerService] - getPlan()
2025-08-04 14:13:05 INFO  [PlannerController] - modifyPlan()
2025-08-04 14:13:05 INFO  [PlannerService] - modifyPlan()
2025-08-04 14:13:06 INFO  [PlannerController] - getPlans()
2025-08-04 14:13:06 INFO  [PlannerService] - getPlans()
2025-08-04 14:13:09 INFO  [PlannerController] - modifyPlan()
2025-08-04 14:13:09 INFO  [PlannerService] - modifyPlan()
2025-08-04 14:13:11 INFO  [PlannerController] - getPlans()
2025-08-04 14:13:11 INFO  [PlannerService] - getPlans()
2025-08-04 14:13:21 INFO  [PlannerController] - getPlan()
2025-08-04 14:13:21 INFO  [PlannerService] - getPlan()
2025-08-04 14:14:29 INFO  [HomeController] - INFO: home()
2025-08-04 14:14:43 INFO  [CalendarApplication] - Starting CalendarApplication using Java 21.0.7 with PID 7200 (C:\psh\spring-boot\ptj_intellij\calendar\calendar\build\classes\java\main started by Class02 in C:\psh\spring-boot\ptj_intellij\calendar\calendar)
2025-08-04 14:14:43 INFO  [CalendarApplication] - No active profile set, falling back to 1 default profile: "default"
2025-08-04 14:14:44 INFO  [CalendarApplication] - Starting CalendarApplication using Java 21.0.7 with PID 13044 (C:\psh\spring-boot\ptj_intellij\calendar\calendar\build\classes\java\main started by Class02 in C:\psh\spring-boot\ptj_intellij\calendar\calendar)
2025-08-04 14:14:44 INFO  [CalendarApplication] - No active profile set, falling back to 1 default profile: "default"
2025-08-04 14:14:44 INFO  [CalendarApplication] - Started CalendarApplication in 0.813 seconds (process running for 14690.954)
2025-08-04 14:14:47 INFO  [HomeController] - INFO: home()
2025-08-04 14:14:48 INFO  [HomeController] - INFO: home()
2025-08-04 14:14:49 INFO  [SecurityConfig] - signout logoutSuccessHandler()
2025-08-04 14:14:49 INFO  [HomeController] - INFO: home()
2025-08-04 14:14:50 INFO  [HomeController] - INFO: home()
2025-08-04 14:14:57 INFO  [MemberDetailsService] - loadUserByUsername()
2025-08-04 14:14:58 INFO  [SecurityConfig] - signin successHandler()
2025-08-04 14:14:58 INFO  [MemberController] - signinResult()
2025-08-04 14:14:59 INFO  [PlannerController] - home()
2025-08-04 14:14:59 INFO  [PlannerController] - getPlans()
2025-08-04 14:14:59 INFO  [PlannerService] - getPlans()
2025-08-04 14:15:07 INFO  [PlannerController] - writePlan()
2025-08-04 14:15:07 INFO  [UploadFileService] - FILE UPLOAD SUCCESS!!
2025-08-04 14:15:07 INFO  [PlannerService] - writePlan()
2025-08-04 14:15:07 INFO  [PlannerService] - INSERT NEW PLAN SUCCESS!!
2025-08-04 14:15:08 INFO  [PlannerController] - getPlans()
2025-08-04 14:15:08 INFO  [PlannerService] - getPlans()
2025-08-04 14:15:10 INFO  [PlannerController] - getPlan()
2025-08-04 14:15:10 INFO  [PlannerService] - getPlan()
2025-08-04 14:15:13 INFO  [PlannerController] - modifyPlan()
2025-08-04 14:15:13 INFO  [PlannerService] - modifyPlan()
2025-08-04 14:15:14 INFO  [PlannerController] - getPlans()
2025-08-04 14:15:14 INFO  [PlannerService] - getPlans()
2025-08-04 14:15:17 INFO  [PlannerController] - getPlan()
2025-08-04 14:15:17 INFO  [PlannerService] - getPlan()
2025-08-04 14:15:20 INFO  [PlannerController] - modifyPlan()
2025-08-04 14:15:20 INFO  [PlannerService] - modifyPlan()
2025-08-04 14:15:21 INFO  [PlannerController] - getPlans()
2025-08-04 14:15:21 INFO  [PlannerService] - getPlans()
2025-08-04 14:17:29 INFO  [CalendarApplication] - Starting CalendarApplication using Java 21.0.7 with PID 10696 (C:\psh\spring-boot\ptj_intellij\calendar\calendar\build\classes\java\main started by Class02 in C:\psh\spring-boot\ptj_intellij\calendar\calendar)
2025-08-04 14:17:29 INFO  [CalendarApplication] - No active profile set, falling back to 1 default profile: "default"
2025-08-04 14:17:29 INFO  [CalendarApplication] - Starting CalendarApplication using Java 21.0.7 with PID 7200 (C:\psh\spring-boot\ptj_intellij\calendar\calendar\build\classes\java\main started by Class02 in C:\psh\spring-boot\ptj_intellij\calendar\calendar)
2025-08-04 14:17:29 INFO  [CalendarApplication] - No active profile set, falling back to 1 default profile: "default"
2025-08-04 14:17:30 INFO  [CalendarApplication] - Started CalendarApplication in 0.811 seconds (process running for 14857.003)
2025-08-04 14:17:31 INFO  [PlannerController] - home()
2025-08-04 14:17:31 INFO  [PlannerController] - getPlans()
2025-08-04 14:17:31 INFO  [PlannerService] - getPlans()
2025-08-04 14:17:32 INFO  [PlannerController] - home()
2025-08-04 14:17:32 INFO  [PlannerController] - getPlans()
2025-08-04 14:17:32 INFO  [PlannerService] - getPlans()
2025-08-04 14:17:33 INFO  [SecurityConfig] - signout logoutSuccessHandler()
2025-08-04 14:17:33 INFO  [HomeController] - INFO: home()
2025-08-04 14:17:38 INFO  [MemberDetailsService] - loadUserByUsername()
2025-08-04 14:17:38 INFO  [SecurityConfig] - signin successHandler()
2025-08-04 14:17:38 INFO  [MemberController] - signinResult()
2025-08-04 14:17:40 INFO  [PlannerController] - home()
2025-08-04 14:17:40 INFO  [PlannerController] - getPlans()
2025-08-04 14:17:40 INFO  [PlannerService] - getPlans()
2025-08-04 14:17:46 INFO  [PlannerController] - writePlan()
2025-08-04 14:17:46 INFO  [UploadFileService] - FILE UPLOAD SUCCESS!!
2025-08-04 14:17:46 INFO  [PlannerService] - writePlan()
2025-08-04 14:17:46 INFO  [PlannerService] - INSERT NEW PLAN SUCCESS!!
2025-08-04 14:17:47 INFO  [PlannerController] - getPlans()
2025-08-04 14:17:47 INFO  [PlannerService] - getPlans()
2025-08-04 14:17:48 INFO  [PlannerController] - getPlan()
2025-08-04 14:17:48 INFO  [PlannerService] - getPlan()
2025-08-04 14:17:51 INFO  [PlannerController] - modifyPlan()
2025-08-04 14:17:51 INFO  [PlannerService] - modifyPlan()
2025-08-04 14:17:52 INFO  [PlannerController] - getPlans()
2025-08-04 14:17:52 INFO  [PlannerService] - getPlans()
2025-08-04 14:17:56 INFO  [PlannerController] - getPlan()
2025-08-04 14:17:56 INFO  [PlannerService] - getPlan()
2025-08-04 14:18:02 INFO  [PlannerController] - getPlan()
2025-08-04 14:18:02 INFO  [PlannerService] - getPlan()
2025-08-05 09:47:13 INFO  [CalendarApplicationTests] - Starting CalendarApplicationTests using Java 21.0.7 with PID 6436 (started by Class02 in C:\psh\spring-boot\ptj_intellij\calendar\calendar)
2025-08-05 09:47:13 INFO  [CalendarApplicationTests] - No active profile set, falling back to 1 default profile: "default"
2025-08-05 09:47:20 INFO  [CalendarApplicationTests] - Started CalendarApplicationTests in 7.272 seconds (process running for 9.172)
2025-08-05 09:58:18 INFO  [CalendarApplicationTests] - Starting CalendarApplicationTests using Java 21.0.7 with PID 5872 (started by Class02 in C:\psh\spring-boot\ptj_intellij\calendar\calendar)
2025-08-05 09:58:18 INFO  [CalendarApplicationTests] - No active profile set, falling back to 1 default profile: "default"
2025-08-05 09:58:23 INFO  [CalendarApplicationTests] - Started CalendarApplicationTests in 5.642 seconds (process running for 7.17)
2025-08-05 10:10:11 INFO  [CalendarApplicationTests] - Starting CalendarApplicationTests using Java 21.0.7 with PID 7920 (started by Class02 in C:\psh\spring-boot\ptj_intellij\calendar\calendar)
2025-08-05 10:10:11 INFO  [CalendarApplicationTests] - No active profile set, falling back to 1 default profile: "default"
2025-08-05 10:10:17 INFO  [CalendarApplicationTests] - Started CalendarApplicationTests in 5.991 seconds (process running for 7.549)
2025-08-05 10:40:38 INFO  [CalendarApplicationTests] - Starting CalendarApplicationTests using Java 21.0.7 with PID 3344 (started by Class02 in C:\psh\spring-boot\ptj_intellij\calendar\calendar)
2025-08-05 10:40:38 INFO  [CalendarApplicationTests] - No active profile set, falling back to 1 default profile: "default"
2025-08-05 10:40:43 INFO  [CalendarApplicationTests] - Started CalendarApplicationTests in 5.484 seconds (process running for 7.06)
2025-08-05 10:44:16 INFO  [CalendarApplicationTests] - Starting CalendarApplicationTests using Java 21.0.7 with PID 6428 (started by Class02 in C:\psh\spring-boot\ptj_intellij\calendar\calendar)
2025-08-05 10:44:16 INFO  [CalendarApplicationTests] - No active profile set, falling back to 1 default profile: "default"
2025-08-05 10:44:21 INFO  [CalendarApplicationTests] - Started CalendarApplicationTests in 5.502 seconds (process running for 7.109)
2025-08-05 10:48:39 INFO  [CalendarApplicationTests] - Starting CalendarApplicationTests using Java 21.0.7 with PID 6548 (started by Class02 in C:\psh\spring-boot\ptj_intellij\calendar\calendar)
2025-08-05 10:48:39 INFO  [CalendarApplicationTests] - No active profile set, falling back to 1 default profile: "default"
2025-08-05 10:48:45 INFO  [CalendarApplicationTests] - Started CalendarApplicationTests in 6.535 seconds (process running for 8.729)
2025-08-05 11:05:59 INFO  [CalendarApplicationTests] - Starting CalendarApplicationTests using Java 21.0.7 with PID 1380 (started by Class02 in C:\psh\spring-boot\ptj_intellij\calendar\calendar)
2025-08-05 11:05:59 INFO  [CalendarApplicationTests] - No active profile set, falling back to 1 default profile: "default"
2025-08-05 11:06:05 INFO  [CalendarApplicationTests] - Started CalendarApplicationTests in 5.736 seconds (process running for 7.347)
2025-08-05 14:15:47 INFO  [CalendarApplicationTests] - Starting CalendarApplicationTests using Java 21.0.7 with PID 8396 (started by Class02 in C:\psh\spring-boot\ptj_intellij\calendar\calendar)
2025-08-05 14:15:47 INFO  [CalendarApplicationTests] - The following 1 profile is active: "local"
2025-08-05 14:15:52 INFO  [CalendarApplicationTests] - Started CalendarApplicationTests in 5.723 seconds (process running for 7.311)
2025-08-05 14:21:06 INFO  [CalendarApplicationTests] - Starting CalendarApplicationTests using Java 21.0.7 with PID 2656 (started by Class02 in C:\psh\spring-boot\ptj_intellij\calendar\calendar)
2025-08-05 14:21:06 INFO  [CalendarApplicationTests] - The following 1 profile is active: "local"
2025-08-05 14:21:11 INFO  [CalendarApplicationTests] - Started CalendarApplicationTests in 5.426 seconds (process running for 6.989)
2025-08-05 14:36:45 INFO  [CalendarApplicationTests] - Starting CalendarApplicationTests using Java 21.0.7 with PID 12024 (started by Class02 in C:\psh\spring-boot\ptj_intellij\calendar\calendar)
2025-08-05 14:36:45 INFO  [CalendarApplicationTests] - The following 1 profile is active: "dev"
2025-08-05 14:39:24 INFO  [CalendarApplicationTests] - Starting CalendarApplicationTests using Java 21.0.7 with PID 10512 (started by Class02 in C:\psh\spring-boot\ptj_intellij\calendar\calendar)
2025-08-05 14:39:24 INFO  [CalendarApplicationTests] - The following 1 profile is active: "dev"
2025-08-05 14:39:30 INFO  [CalendarApplicationTests] - Started CalendarApplicationTests in 6.009 seconds (process running for 7.67)
2025-08-05 14:46:33 INFO  [CalendarApplicationTests] - Starting CalendarApplicationTests using Java 21.0.7 with PID 8352 (started by Class02 in C:\psh\spring-boot\ptj_intellij\calendar\calendar)
2025-08-05 14:46:33 INFO  [CalendarApplicationTests] - The following 1 profile is active: "prod"
2025-08-05 14:46:39 INFO  [CalendarApplicationTests] - Started CalendarApplicationTests in 6.249 seconds (process running for 7.859)
2025-08-05 15:04:19 INFO  [CalendarApplicationTests] - Starting CalendarApplicationTests using Java 21.0.7 with PID 12908 (started by Class02 in C:\psh\spring-boot\ptj_intellij\calendar\calendar)
2025-08-05 15:04:19 INFO  [CalendarApplicationTests] - The following 1 profile is active: "local"
2025-08-05 15:04:24 INFO  [CalendarApplicationTests] - Started CalendarApplicationTests in 5.588 seconds (process running for 7.188)
2025-08-06 15:49:09 INFO  [CalendarApplicationTests] - Starting CalendarApplicationTests using Java 21.0.7 with PID 13240 (started by Class02 in C:\psh\spring-boot\ptj_intellij\calendar\calendar)
2025-08-06 15:49:09 INFO  [CalendarApplicationTests] - The following 1 profile is active: "local"
2025-08-06 15:49:14 INFO  [CalendarApplicationTests] - Started CalendarApplicationTests in 5.679 seconds (process running for 7.676)
